# JRE version: OpenJDK Runtime Environment (8.0_242) (build 1.8.0_242-release-1644-b3-6222593)
# Java VM: OpenJDK 64-Bit Server VM (25.242-b3-6222593 mixed mode bsd-amd64 compressed oops)
Heap:
 PSYoungGen      total 319488K, used 31321K [0x0000000795580000, 0x00000007acc00000, 0x00000007c0000000)
  eden space 264704K, 0% used [0x0000000795580000,0x0000000795580000,0x00000007a5800000)
  from space 54784K, 57% used [0x00000007a9680000,0x00000007ab516530,0x00000007acc00000)
  to   space 59392K, 0% used [0x00000007a5800000,0x00000007a5800000,0x00000007a9200000)
 ParOldGen       total 156160K, used 70734K [0x0000000740000000, 0x0000000749880000, 0x0000000795580000)
  object space 156160K, 45% used [0x0000000740000000,0x0000000744513980,0x0000000749880000)
 Metaspace       used 93510K, capacity 98506K, committed 98600K, reserved 1134592K
  class space    used 12183K, capacity 13176K, committed 13184K, reserved 1048576K
GC Heap History (10 events):
Event: 167.031 GC heap after
Heap after GC invocations=17 (full 3):
 PSYoungGen      total 252928K, used 32248K [0x0000000795580000, 0x00000007a8a00000, 0x00000007c0000000)
  eden space 220672K, 0% used [0x0000000795580000,0x0000000795580000,0x00000007a2d00000)
  from space 32256K, 99% used [0x00000007a5480000,0x00000007a73fe0e8,0x00000007a7400000)
  to   space 40448K, 0% used [0x00000007a2d00000,0x00000007a2d00000,0x00000007a5480000)
 ParOldGen       total 156160K, used 49663K [0x0000000740000000, 0x0000000749880000, 0x0000000795580000)
  object space 156160K, 31% used [0x0000000740000000,0x000000074307fcc0,0x0000000749880000)
 Metaspace       used 87888K, capacity 92116K, committed 92416K, reserved 1128448K
  class space    used 11595K, capacity 12452K, committed 12544K, reserved 1048576K
}
Event: 209.948 GC heap before
{Heap before GC invocations=18 (full 3):
 PSYoungGen      total 252928K, used 252920K [0x0000000795580000, 0x00000007a8a00000, 0x00000007c0000000)
  eden space 220672K, 100% used [0x0000000795580000,0x00000007a2d00000,0x00000007a2d00000)
  from space 32256K, 99% used [0x00000007a5480000,0x00000007a73fe0e8,0x00000007a7400000)
  to   space 40448K, 0% used [0x00000007a2d00000,0x00000007a2d00000,0x00000007a5480000)
 ParOldGen       total 156160K, used 49663K [0x0000000740000000, 0x0000000749880000, 0x0000000795580000)
  object space 156160K, 31% used [0x0000000740000000,0x000000074307fcc0,0x0000000749880000)
 Metaspace       used 91877K, capacity 96458K, committed 96512K, reserved 1132544K
  class space    used 12074K, capacity 13006K, committed 13056K, reserved 1048576K
Event: 210.020 GC heap after
Heap after GC invocations=18 (full 3):
 PSYoungGen      total 261120K, used 40443K [0x0000000795580000, 0x00000007ab200000, 0x00000007c0000000)
  eden space 220672K, 0% used [0x0000000795580000,0x0000000795580000,0x00000007a2d00000)
  from space 40448K, 99% used [0x00000007a2d00000,0x00000007a547eec8,0x00000007a5480000)
  to   space 50688K, 0% used [0x00000007a8080000,0x00000007a8080000,0x00000007ab200000)
 ParOldGen       total 156160K, used 60217K [0x0000000740000000, 0x0000000749880000, 0x0000000795580000)
  object space 156160K, 38% used [0x0000000740000000,0x0000000743ace5b0,0x0000000749880000)
 Metaspace       used 91877K, capacity 96458K, committed 96512K, reserved 1132544K
  class space    used 12074K, capacity 13006K, committed 13056K, reserved 1048576K
}
Event: 255.208 GC heap before
{Heap before GC invocations=19 (full 3):
 PSYoungGen      total 261120K, used 261115K [0x0000000795580000, 0x00000007ab200000, 0x00000007c0000000)
  eden space 220672K, 100% used [0x0000000795580000,0x00000007a2d00000,0x00000007a2d00000)
  from space 40448K, 99% used [0x00000007a2d00000,0x00000007a547eec8,0x00000007a5480000)
  to   space 50688K, 0% used [0x00000007a8080000,0x00000007a8080000,0x00000007ab200000)
 ParOldGen       total 156160K, used 60217K [0x0000000740000000, 0x0000000749880000, 0x0000000795580000)
  object space 156160K, 38% used [0x0000000740000000,0x0000000743ace5b0,0x0000000749880000)
 Metaspace       used 92927K, capacity 97756K, committed 97920K, reserved 1134592K
  class space    used 12154K, capacity 13137K, committed 13184K, reserved 1048576K
Event: 255.304 GC heap after
Heap after GC invocations=19 (full 3):
 PSYoungGen      total 300544K, used 40917K [0x0000000795580000, 0x00000007ab580000, 0x00000007c0000000)
  eden space 249856K, 0% used [0x0000000795580000,0x0000000795580000,0x00000007a4980000)
  from space 50688K, 80% used [0x00000007a8080000,0x00000007aa875410,0x00000007ab200000)
  to   space 55296K, 0% used [0x00000007a4980000,0x00000007a4980000,0x00000007a7f80000)
 ParOldGen       total 156160K, used 70718K [0x0000000740000000, 0x0000000749880000, 0x0000000795580000)
  object space 156160K, 45% used [0x0000000740000000,0x000000074450f980,0x0000000749880000)
 Metaspace       used 92927K, capacity 97756K, committed 97920K, reserved 1134592K
  class space    used 12154K, capacity 13137K, committed 13184K, reserved 1048576K
}
Event: 295.616 GC heap before
{Heap before GC invocations=20 (full 3):
 PSYoungGen      total 300544K, used 290773K [0x0000000795580000, 0x00000007ab580000, 0x00000007c0000000)
  eden space 249856K, 100% used [0x0000000795580000,0x00000007a4980000,0x00000007a4980000)
  from space 50688K, 80% used [0x00000007a8080000,0x00000007aa875410,0x00000007ab200000)
  to   space 55296K, 0% used [0x00000007a4980000,0x00000007a4980000,0x00000007a7f80000)
 ParOldGen       total 156160K, used 70718K [0x0000000740000000, 0x0000000749880000, 0x0000000795580000)
  object space 156160K, 45% used [0x0000000740000000,0x000000074450f980,0x0000000749880000)
 Metaspace       used 93301K, capacity 98250K, committed 98432K, reserved 1134592K
  class space    used 12171K, capacity 13162K, committed 13184K, reserved 1048576K
Event: 295.671 GC heap after
Heap after GC invocations=20 (full 3):
 PSYoungGen      total 305152K, used 44661K [0x0000000795580000, 0x00000007ad180000, 0x00000007c0000000)
  eden space 249856K, 0% used [0x0000000795580000,0x0000000795580000,0x00000007a4980000)
  from space 55296K, 80% used [0x00000007a4980000,0x00000007a751d430,0x00000007a7f80000)
  to   space 60416K, 0% used [0x00000007a9680000,0x00000007a9680000,0x00000007ad180000)
 ParOldGen       total 156160K, used 70726K [0x0000000740000000, 0x0000000749880000, 0x0000000795580000)
  object space 156160K, 45% used [0x0000000740000000,0x0000000744511980,0x0000000749880000)
 Metaspace       used 93301K, capacity 98250K, committed 98432K, reserved 1134592K
  class space    used 12171K, capacity 13162K, committed 13184K, reserved 1048576K
}
Event: 462.668 GC heap before
{Heap before GC invocations=21 (full 3):
 PSYoungGen      total 305152K, used 149994K [0x0000000795580000, 0x00000007ad180000, 0x00000007c0000000)
  eden space 249856K, 42% used [0x0000000795580000,0x000000079bc5d4a8,0x00000007a4980000)
  from space 55296K, 80% used [0x00000007a4980000,0x00000007a751d430,0x00000007a7f80000)
  to   space 60416K, 0% used [0x00000007a9680000,0x00000007a9680000,0x00000007ad180000)
 ParOldGen       total 156160K, used 70726K [0x0000000740000000, 0x0000000749880000, 0x0000000795580000)
  object space 156160K, 45% used [0x0000000740000000,0x0000000744511980,0x0000000749880000)
 Metaspace       used 93510K, capacity 98506K, committed 98600K, reserved 1134592K
  class space    used 12183K, capacity 13176K, committed 13184K, reserved 1048576K
Event: 462.710 GC heap after
Heap after GC invocations=21 (full 3):
 PSYoungGen      total 319488K, used 31321K [0x0000000795580000, 0x00000007acc00000, 0x00000007c0000000)
  eden space 264704K, 0% used [0x0000000795580000,0x0000000795580000,0x00000007a5800000)
  from space 54784K, 57% used [0x00000007a9680000,0x00000007ab516530,0x00000007acc00000)
  to   space 59392K, 0% used [0x00000007a5800000,0x00000007a5800000,0x00000007a9200000)
 ParOldGen       total 156160K, used 70734K [0x0000000740000000, 0x0000000749880000, 0x0000000795580000)
  object space 156160K, 45% used [0x0000000740000000,0x0000000744513980,0x0000000749880000)
 Metaspace       used 93510K, capacity 98506K, committed 98600K, reserved 1134592K
  class space    used 12183K, capacity 13176K, committed 13184K, reserved 1048576K
}
Event: 462.710 GC heap before
{Heap before GC invocations=22 (full 4):
 PSYoungGen      total 319488K, used 31321K [0x0000000795580000, 0x00000007acc00000, 0x00000007c0000000)
  eden space 264704K, 0% used [0x0000000795580000,0x0000000795580000,0x00000007a5800000)
  from space 54784K, 57% used [0x00000007a9680000,0x00000007ab516530,0x00000007acc00000)
  to   space 59392K, 0% used [0x00000007a5800000,0x00000007a5800000,0x00000007a9200000)
 ParOldGen       total 156160K, used 70734K [0x0000000740000000, 0x0000000749880000, 0x0000000795580000)
  object space 156160K, 45% used [0x0000000740000000,0x0000000744513980,0x0000000749880000)
 Metaspace       used 93510K, capacity 98506K, committed 98600K, reserved 1134592K
  class space    used 12183K, capacity 13176K, committed 13184K, reserved 1048576K

