# JRE version: OpenJDK Runtime Environment (8.0_242) (build 1.8.0_242-release-1644-b3-6222593)
# Java VM: OpenJDK 64-Bit Server VM (25.242-b3-6222593 mixed mode bsd-amd64 compressed oops)
Heap:
 PSYoungGen      total 392192K, used 257476K [0x0000000795580000, 0x00000007b5a00000, 0x00000007c0000000)
  eden space 317952K, 58% used [0x0000000795580000,0x00000007a0a65b20,0x00000007a8c00000)
  from space 74240K, 97% used [0x00000007adf80000,0x00000007b260b5e0,0x00000007b2800000)
  to   space 85504K, 0% used [0x00000007a8c00000,0x00000007a8c00000,0x00000007adf80000)
 ParOldGen       total 229888K, used 98380K [0x0000000740000000, 0x000000074e080000, 0x0000000795580000)
  object space 229888K, 42% used [0x0000000740000000,0x0000000746013318,0x000000074e080000)
 Metaspace       used 146124K, capacity 155538K, committed 155648K, reserved 1183744K
  class space    used 19228K, capacity 20988K, committed 20992K, reserved 1048576K
GC Heap History (10 events):
Event: 1656.392 GC heap before
{Heap before GC invocations=22 (full 4):
 PSYoungGen      total 314880K, used 299893K [0x0000000795580000, 0x00000007acb80000, 0x00000007c0000000)
  eden space 276480K, 100% used [0x0000000795580000,0x00000007a6380000,0x00000007a6380000)
  from space 38400K, 60% used [0x00000007a6380000,0x00000007a7a5d448,0x00000007a8900000)
  to   space 38400K, 0% used [0x00000007aa600000,0x00000007aa600000,0x00000007acb80000)
 ParOldGen       total 229888K, used 59813K [0x0000000740000000, 0x000000074e080000, 0x0000000795580000)
  object space 229888K, 26% used [0x0000000740000000,0x0000000743a69628,0x000000074e080000)
 Metaspace       used 112712K, capacity 119002K, committed 119168K, reserved 1153024K
  class space    used 14681K, capacity 15938K, committed 16000K, reserved 1048576K
Event: 1656.451 GC heap after
Heap after GC invocations=22 (full 4):
 PSYoungGen      total 338944K, used 35662K [0x0000000795580000, 0x00000007acf00000, 0x00000007c0000000)
  eden space 300544K, 0% used [0x0000000795580000,0x0000000795580000,0x00000007a7b00000)
  from space 38400K, 92% used [0x00000007aa600000,0x00000007ac8d3b40,0x00000007acb80000)
  to   space 43008K, 0% used [0x00000007a7b00000,0x00000007a7b00000,0x00000007aa500000)
 ParOldGen       total 229888K, used 59821K [0x0000000740000000, 0x000000074e080000, 0x0000000795580000)
  object space 229888K, 26% used [0x0000000740000000,0x0000000743a6b628,0x000000074e080000)
 Metaspace       used 112712K, capacity 119002K, committed 119168K, reserved 1153024K
  class space    used 14681K, capacity 15938K, committed 16000K, reserved 1048576K
}
Event: 1768.940 GC heap before
{Heap before GC invocations=23 (full 4):
 PSYoungGen      total 338944K, used 336206K [0x0000000795580000, 0x00000007acf00000, 0x00000007c0000000)
  eden space 300544K, 100% used [0x0000000795580000,0x00000007a7b00000,0x00000007a7b00000)
  from space 38400K, 92% used [0x00000007aa600000,0x00000007ac8d3b40,0x00000007acb80000)
  to   space 43008K, 0% used [0x00000007a7b00000,0x00000007a7b00000,0x00000007aa500000)
 ParOldGen       total 229888K, used 59821K [0x0000000740000000, 0x000000074e080000, 0x0000000795580000)
  object space 229888K, 26% used [0x0000000740000000,0x0000000743a6b628,0x000000074e080000)
 Metaspace       used 120599K, capacity 127678K, committed 127744K, reserved 1159168K
  class space    used 15768K, capacity 17127K, committed 17152K, reserved 1048576K
Event: 1769.051 GC heap after
Heap after GC invocations=23 (full 4):
 PSYoungGen      total 343552K, used 42985K [0x0000000795580000, 0x00000007af680000, 0x00000007c0000000)
  eden space 300544K, 0% used [0x0000000795580000,0x0000000795580000,0x00000007a7b00000)
  from space 43008K, 99% used [0x00000007a7b00000,0x00000007aa4fa698,0x00000007aa500000)
  to   space 52224K, 0% used [0x00000007ac380000,0x00000007ac380000,0x00000007af680000)
 ParOldGen       total 229888K, used 67482K [0x0000000740000000, 0x000000074e080000, 0x0000000795580000)
  object space 229888K, 29% used [0x0000000740000000,0x00000007441e6b20,0x000000074e080000)
 Metaspace       used 120599K, capacity 127678K, committed 127744K, reserved 1159168K
  class space    used 15768K, capacity 17127K, committed 17152K, reserved 1048576K
}
Event: 2204.189 GC heap before
{Heap before GC invocations=24 (full 4):
 PSYoungGen      total 343552K, used 343529K [0x0000000795580000, 0x00000007af680000, 0x00000007c0000000)
  eden space 300544K, 100% used [0x0000000795580000,0x00000007a7b00000,0x00000007a7b00000)
  from space 43008K, 99% used [0x00000007a7b00000,0x00000007aa4fa698,0x00000007aa500000)
  to   space 52224K, 0% used [0x00000007ac380000,0x00000007ac380000,0x00000007af680000)
 ParOldGen       total 229888K, used 67482K [0x0000000740000000, 0x000000074e080000, 0x0000000795580000)
  object space 229888K, 29% used [0x0000000740000000,0x00000007441e6b20,0x000000074e080000)
 Metaspace       used 128661K, capacity 136722K, committed 136960K, reserved 1167360K
  class space    used 16856K, capacity 18399K, committed 18432K, reserved 1048576K
Event: 2204.310 GC heap after
Heap after GC invocations=24 (full 4):
 PSYoungGen      total 366080K, used 52203K [0x0000000795580000, 0x00000007b0380000, 0x00000007c0000000)
  eden space 313856K, 0% used [0x0000000795580000,0x0000000795580000,0x00000007a8800000)
  from space 52224K, 99% used [0x00000007ac380000,0x00000007af67ac68,0x00000007af680000)
  to   space 60928K, 0% used [0x00000007a8800000,0x00000007a8800000,0x00000007ac380000)
 ParOldGen       total 229888K, used 68751K [0x0000000740000000, 0x000000074e080000, 0x0000000795580000)
  object space 229888K, 29% used [0x0000000740000000,0x0000000744323d20,0x000000074e080000)
 Metaspace       used 128661K, capacity 136722K, committed 136960K, reserved 1167360K
  class space    used 16856K, capacity 18399K, committed 18432K, reserved 1048576K
}
Event: 2337.009 GC heap before
{Heap before GC invocations=25 (full 4):
 PSYoungGen      total 366080K, used 366059K [0x0000000795580000, 0x00000007b0380000, 0x00000007c0000000)
  eden space 313856K, 100% used [0x0000000795580000,0x00000007a8800000,0x00000007a8800000)
  from space 52224K, 99% used [0x00000007ac380000,0x00000007af67ac68,0x00000007af680000)
  to   space 60928K, 0% used [0x00000007a8800000,0x00000007a8800000,0x00000007ac380000)
 ParOldGen       total 229888K, used 68751K [0x0000000740000000, 0x000000074e080000, 0x0000000795580000)
  object space 229888K, 29% used [0x0000000740000000,0x0000000744323d20,0x000000074e080000)
 Metaspace       used 135749K, capacity 144166K, committed 144384K, reserved 1173504K
  class space    used 17829K, capacity 19450K, committed 19456K, reserved 1048576K
Event: 2337.099 GC heap after
Heap after GC invocations=25 (full 4):
 PSYoungGen      total 374784K, used 60903K [0x0000000795580000, 0x00000007b2800000, 0x00000007c0000000)
  eden space 313856K, 0% used [0x0000000795580000,0x0000000795580000,0x00000007a8800000)
  from space 60928K, 99% used [0x00000007a8800000,0x00000007ac379fb0,0x00000007ac380000)
  to   space 74240K, 0% used [0x00000007adf80000,0x00000007adf80000,0x00000007b2800000)
 ParOldGen       total 229888K, used 79200K [0x0000000740000000, 0x000000074e080000, 0x0000000795580000)
  object space 229888K, 34% used [0x0000000740000000,0x0000000744d583c0,0x000000074e080000)
 Metaspace       used 135749K, capacity 144166K, committed 144384K, reserved 1173504K
  class space    used 17829K, capacity 19450K, committed 19456K, reserved 1048576K
}
Event: 2341.947 GC heap before
{Heap before GC invocations=26 (full 4):
 PSYoungGen      total 374784K, used 374759K [0x0000000795580000, 0x00000007b2800000, 0x00000007c0000000)
  eden space 313856K, 100% used [0x0000000795580000,0x00000007a8800000,0x00000007a8800000)
  from space 60928K, 99% used [0x00000007a8800000,0x00000007ac379fb0,0x00000007ac380000)
  to   space 74240K, 0% used [0x00000007adf80000,0x00000007adf80000,0x00000007b2800000)
 ParOldGen       total 229888K, used 79200K [0x0000000740000000, 0x000000074e080000, 0x0000000795580000)
  object space 229888K, 34% used [0x0000000740000000,0x0000000744d583c0,0x000000074e080000)
 Metaspace       used 144924K, capacity 154270K, committed 154368K, reserved 1183744K
  class space    used 19183K, capacity 20940K, committed 20992K, reserved 1048576K
Event: 2342.108 GC heap after
Heap after GC invocations=26 (full 4):
 PSYoungGen      total 392192K, used 72237K [0x0000000795580000, 0x00000007b5a00000, 0x00000007c0000000)
  eden space 317952K, 0% used [0x0000000795580000,0x0000000795580000,0x00000007a8c00000)
  from space 74240K, 97% used [0x00000007adf80000,0x00000007b260b5e0,0x00000007b2800000)
  to   space 85504K, 0% used [0x00000007a8c00000,0x00000007a8c00000,0x00000007adf80000)
 ParOldGen       total 229888K, used 98380K [0x0000000740000000, 0x000000074e080000, 0x0000000795580000)
  object space 229888K, 42% used [0x0000000740000000,0x0000000746013318,0x000000074e080000)
 Metaspace       used 144924K, capacity 154270K, committed 154368K, reserved 1183744K
  class space    used 19183K, capacity 20940K, committed 20992K, reserved 1048576K
}

