# JRE version: OpenJDK Runtime Environment (8.0_242) (build 1.8.0_242-release-1644-b3-6222593)
# Java VM: OpenJDK 64-Bit Server VM (25.242-b3-6222593 mixed mode bsd-amd64 compressed oops)
Heap:
 PSYoungGen      total 305152K, used 14762K [0x0000000795580000, 0x00000007aab80000, 0x00000007c0000000)
  eden space 266240K, 5% used [0x0000000795580000,0x00000007963ea9a0,0x00000007a5980000)
  from space 38912K, 0% used [0x00000007a8580000,0x00000007a8580000,0x00000007aab80000)
  to   space 41984K, 0% used [0x00000007a5980000,0x00000007a5980000,0x00000007a8280000)
 ParOldGen       total 226816K, used 56091K [0x0000000740000000, 0x000000074dd80000, 0x0000000795580000)
  object space 226816K, 24% used [0x0000000740000000,0x00000007436c6f90,0x000000074dd80000)
 Metaspace       used 93792K, capacity 98316K, committed 98856K, reserved 1134592K
  class space    used 12281K, capacity 13209K, committed 13360K, reserved 1048576K
GC Heap History (10 events):
Event: 28.874 GC heap before
{Heap before GC invocations=16 (full 3):
 PSYoungGen      total 227328K, used 227314K [0x0000000795580000, 0x00000007a5b00000, 0x00000007c0000000)
  eden space 204800K, 100% used [0x0000000795580000,0x00000007a1d80000,0x00000007a1d80000)
  from space 22528K, 99% used [0x00000007a3900000,0x00000007a4efcb20,0x00000007a4f00000)
  to   space 28160K, 0% used [0x00000007a1d80000,0x00000007a1d80000,0x00000007a3900000)
 ParOldGen       total 152064K, used 43281K [0x0000000740000000, 0x0000000749480000, 0x0000000795580000)
  object space 152064K, 28% used [0x0000000740000000,0x0000000742a44710,0x0000000749480000)
 Metaspace       used 76148K, capacity 79330K, committed 79640K, reserved 1118208K
  class space    used 10014K, capacity 10711K, committed 10800K, reserved 1048576K
Event: 28.936 GC heap after
Heap after GC invocations=16 (full 3):
 PSYoungGen      total 232960K, used 28128K [0x0000000795580000, 0x00000007a8680000, 0x00000007c0000000)
  eden space 204800K, 0% used [0x0000000795580000,0x0000000795580000,0x00000007a1d80000)
  from space 28160K, 99% used [0x00000007a1d80000,0x00000007a38f8318,0x00000007a3900000)
  to   space 35328K, 0% used [0x00000007a6400000,0x00000007a6400000,0x00000007a8680000)
 ParOldGen       total 152064K, used 50986K [0x0000000740000000, 0x0000000749480000, 0x0000000795580000)
  object space 152064K, 33% used [0x0000000740000000,0x00000007431ca808,0x0000000749480000)
 Metaspace       used 76148K, capacity 79330K, committed 79640K, reserved 1118208K
  class space    used 10014K, capacity 10711K, committed 10800K, reserved 1048576K
}
Event: 102.937 GC heap before
{Heap before GC invocations=17 (full 3):
 PSYoungGen      total 232960K, used 232928K [0x0000000795580000, 0x00000007a8680000, 0x00000007c0000000)
  eden space 204800K, 100% used [0x0000000795580000,0x00000007a1d80000,0x00000007a1d80000)
  from space 28160K, 99% used [0x00000007a1d80000,0x00000007a38f8318,0x00000007a3900000)
  to   space 35328K, 0% used [0x00000007a6400000,0x00000007a6400000,0x00000007a8680000)
 ParOldGen       total 152064K, used 50986K [0x0000000740000000, 0x0000000749480000, 0x0000000795580000)
  object space 152064K, 33% used [0x0000000740000000,0x00000007431ca808,0x0000000749480000)
 Metaspace       used 85748K, capacity 89560K, committed 89880K, reserved 1126400K
  class space    used 11237K, capacity 12015K, committed 12080K, reserved 1048576K
Event: 103.059 GC heap after
Heap after GC invocations=17 (full 3):
 PSYoungGen      total 266752K, used 22493K [0x0000000795580000, 0x00000007a8280000, 0x00000007c0000000)
  eden space 235520K, 0% used [0x0000000795580000,0x0000000795580000,0x00000007a3b80000)
  from space 31232K, 72% used [0x00000007a6400000,0x00000007a79f7520,0x00000007a8280000)
  to   space 36352K, 0% used [0x00000007a3b80000,0x00000007a3b80000,0x00000007a5f00000)
 ParOldGen       total 152064K, used 65913K [0x0000000740000000, 0x0000000749480000, 0x0000000795580000)
  object space 152064K, 43% used [0x0000000740000000,0x000000074405e748,0x0000000749480000)
 Metaspace       used 85748K, capacity 89560K, committed 89880K, reserved 1126400K
  class space    used 11237K, capacity 12015K, committed 12080K, reserved 1048576K
}
Event: 110.618 GC heap before
{Heap before GC invocations=18 (full 3):
 PSYoungGen      total 266752K, used 258013K [0x0000000795580000, 0x00000007a8280000, 0x00000007c0000000)
  eden space 235520K, 100% used [0x0000000795580000,0x00000007a3b80000,0x00000007a3b80000)
  from space 31232K, 72% used [0x00000007a6400000,0x00000007a79f7520,0x00000007a8280000)
  to   space 36352K, 0% used [0x00000007a3b80000,0x00000007a3b80000,0x00000007a5f00000)
 ParOldGen       total 152064K, used 65913K [0x0000000740000000, 0x0000000749480000, 0x0000000795580000)
  object space 152064K, 43% used [0x0000000740000000,0x000000074405e748,0x0000000749480000)
 Metaspace       used 93747K, capacity 98472K, committed 98600K, reserved 1134592K
  class space    used 12310K, capacity 13247K, committed 13360K, reserved 1048576K
Event: 110.720 GC heap after
Heap after GC invocations=18 (full 3):
 PSYoungGen      total 271872K, used 32826K [0x0000000795580000, 0x00000007aad00000, 0x00000007c0000000)
  eden space 235520K, 0% used [0x0000000795580000,0x0000000795580000,0x00000007a3b80000)
  from space 36352K, 90% used [0x00000007a3b80000,0x00000007a5b8e900,0x00000007a5f00000)
  to   space 40448K, 0% used [0x00000007a8580000,0x00000007a8580000,0x00000007aad00000)
 ParOldGen       total 152064K, used 65921K [0x0000000740000000, 0x0000000749480000, 0x0000000795580000)
  object space 152064K, 43% used [0x0000000740000000,0x0000000744060748,0x0000000749480000)
 Metaspace       used 93747K, capacity 98472K, committed 98600K, reserved 1134592K
  class space    used 12310K, capacity 13247K, committed 13360K, reserved 1048576K
}
Event: 131.450 GC heap before
{Heap before GC invocations=19 (full 3):
 PSYoungGen      total 271872K, used 41379K [0x0000000795580000, 0x00000007aad00000, 0x00000007c0000000)
  eden space 235520K, 3% used [0x0000000795580000,0x0000000795dda510,0x00000007a3b80000)
  from space 36352K, 90% used [0x00000007a3b80000,0x00000007a5b8e900,0x00000007a5f00000)
  to   space 40448K, 0% used [0x00000007a8580000,0x00000007a8580000,0x00000007aad00000)
 ParOldGen       total 152064K, used 65921K [0x0000000740000000, 0x0000000749480000, 0x0000000795580000)
  object space 152064K, 43% used [0x0000000740000000,0x0000000744060748,0x0000000749480000)
 Metaspace       used 93771K, capacity 98484K, committed 98600K, reserved 1134592K
  class space    used 12311K, capacity 13249K, committed 13360K, reserved 1048576K
Event: 131.523 GC heap after
Heap after GC invocations=19 (full 3):
 PSYoungGen      total 305152K, used 27661K [0x0000000795580000, 0x00000007aab80000, 0x00000007c0000000)
  eden space 266240K, 0% used [0x0000000795580000,0x0000000795580000,0x00000007a5980000)
  from space 38912K, 71% used [0x00000007a8580000,0x00000007aa083468,0x00000007aab80000)
  to   space 41984K, 0% used [0x00000007a5980000,0x00000007a5980000,0x00000007a8280000)
 ParOldGen       total 152064K, used 65921K [0x0000000740000000, 0x0000000749480000, 0x0000000795580000)
  object space 152064K, 43% used [0x0000000740000000,0x0000000744060748,0x0000000749480000)
 Metaspace       used 93771K, capacity 98484K, committed 98600K, reserved 1134592K
  class space    used 12311K, capacity 13249K, committed 13360K, reserved 1048576K
}
Event: 131.523 GC heap before
{Heap before GC invocations=20 (full 4):
 PSYoungGen      total 305152K, used 27661K [0x0000000795580000, 0x00000007aab80000, 0x00000007c0000000)
  eden space 266240K, 0% used [0x0000000795580000,0x0000000795580000,0x00000007a5980000)
  from space 38912K, 71% used [0x00000007a8580000,0x00000007aa083468,0x00000007aab80000)
  to   space 41984K, 0% used [0x00000007a5980000,0x00000007a5980000,0x00000007a8280000)
 ParOldGen       total 152064K, used 65921K [0x0000000740000000, 0x0000000749480000, 0x0000000795580000)
  object space 152064K, 43% used [0x0000000740000000,0x0000000744060748,0x0000000749480000)
 Metaspace       used 93771K, capacity 98484K, committed 98600K, reserved 1134592K
  class space    used 12311K, capacity 13249K, committed 13360K, reserved 1048576K
Event: 132.052 GC heap after
Heap after GC invocations=20 (full 4):
 PSYoungGen      total 305152K, used 0K [0x0000000795580000, 0x00000007aab80000, 0x00000007c0000000)
  eden space 266240K, 0% used [0x0000000795580000,0x0000000795580000,0x00000007a5980000)
  from space 38912K, 0% used [0x00000007a8580000,0x00000007a8580000,0x00000007aab80000)
  to   space 41984K, 0% used [0x00000007a5980000,0x00000007a5980000,0x00000007a8280000)
 ParOldGen       total 226816K, used 56091K [0x0000000740000000, 0x000000074dd80000, 0x0000000795580000)
  object space 226816K, 24% used [0x0000000740000000,0x00000007436c6f90,0x000000074dd80000)
 Metaspace       used 93583K, capacity 97984K, committed 98600K, reserved 1134592K
  class space    used 12254K, capacity 13155K, committed 13360K, reserved 1048576K
}

