# JRE version: OpenJDK Runtime Environment (8.0_242) (build 1.8.0_242-release-1644-b3-6222593)
# Java VM: OpenJDK 64-Bit Server VM (25.242-b3-6222593 mixed mode bsd-amd64 compressed oops)
Heap:
 PSYoungGen      total 327680K, used 324564K [0x0000000795580000, 0x00000007ab900000, 0x00000007c0000000)
  eden space 302592K, 100% used [0x0000000795580000,0x00000007a7d00000,0x00000007a7d00000)
  from space 25088K, 87% used [0x00000007aa080000,0x00000007ab5f52a8,0x00000007ab900000)
  to   space 30720K, 79% used [0x00000007a7d00000,0x00000007a94fe478,0x00000007a9b00000)
 ParOldGen       total 202752K, used 60824K [0x0000000740000000, 0x000000074c600000, 0x0000000795580000)
  object space 202752K, 29% used [0x0000000740000000,0x0000000743b66288,0x000000074c600000)
 Metaspace       used 102941K, capacity 109581K, committed 109720K, reserved 1144832K
  class space    used 13429K, capacity 14754K, committed 14768K, reserved 1048576K
GC Heap History (10 events):
Event: 133.360 GC heap after
Heap after GC invocations=16 (full 3):
 PSYoungGen      total 264704K, used 20582K [0x0000000795580000, 0x00000007a9800000, 0x00000007c0000000)
  eden space 239104K, 0% used [0x0000000795580000,0x0000000795580000,0x00000007a3f00000)
  from space 25600K, 80% used [0x00000007a3f00000,0x00000007a53199f8,0x00000007a5800000)
  to   space 27648K, 0% used [0x00000007a7d00000,0x00000007a7d00000,0x00000007a9800000)
 ParOldGen       total 133632K, used 50139K [0x0000000740000000, 0x0000000748280000, 0x0000000795580000)
  object space 133632K, 37% used [0x0000000740000000,0x00000007430f6f58,0x0000000748280000)
 Metaspace       used 89256K, capacity 93772K, committed 93848K, reserved 1130496K
  class space    used 11821K, capacity 12679K, committed 12720K, reserved 1048576K
}
Event: 138.577 GC heap before
{Heap before GC invocations=17 (full 3):
 PSYoungGen      total 264704K, used 166452K [0x0000000795580000, 0x00000007a9800000, 0x00000007c0000000)
  eden space 239104K, 61% used [0x0000000795580000,0x000000079e3f39c8,0x00000007a3f00000)
  from space 25600K, 80% used [0x00000007a3f00000,0x00000007a53199f8,0x00000007a5800000)
  to   space 27648K, 0% used [0x00000007a7d00000,0x00000007a7d00000,0x00000007a9800000)
 ParOldGen       total 133632K, used 50139K [0x0000000740000000, 0x0000000748280000, 0x0000000795580000)
  object space 133632K, 37% used [0x0000000740000000,0x00000007430f6f58,0x0000000748280000)
 Metaspace       used 93952K, capacity 98539K, committed 98600K, reserved 1134592K
  class space    used 12410K, capacity 13299K, committed 13360K, reserved 1048576K
Event: 138.619 GC heap after
Heap after GC invocations=17 (full 3):
 PSYoungGen      total 300032K, used 22309K [0x0000000795580000, 0x00000007a9980000, 0x00000007c0000000)
  eden space 272384K, 0% used [0x0000000795580000,0x0000000795580000,0x00000007a5f80000)
  from space 27648K, 80% used [0x00000007a7d00000,0x00000007a92c97f8,0x00000007a9800000)
  to   space 29696K, 0% used [0x00000007a5f80000,0x00000007a5f80000,0x00000007a7c80000)
 ParOldGen       total 133632K, used 50147K [0x0000000740000000, 0x0000000748280000, 0x0000000795580000)
  object space 133632K, 37% used [0x0000000740000000,0x00000007430f8f58,0x0000000748280000)
 Metaspace       used 93952K, capacity 98539K, committed 98600K, reserved 1134592K
  class space    used 12410K, capacity 13299K, committed 13360K, reserved 1048576K
}
Event: 138.619 GC heap before
{Heap before GC invocations=18 (full 4):
 PSYoungGen      total 300032K, used 22309K [0x0000000795580000, 0x00000007a9980000, 0x00000007c0000000)
  eden space 272384K, 0% used [0x0000000795580000,0x0000000795580000,0x00000007a5f80000)
  from space 27648K, 80% used [0x00000007a7d00000,0x00000007a92c97f8,0x00000007a9800000)
  to   space 29696K, 0% used [0x00000007a5f80000,0x00000007a5f80000,0x00000007a7c80000)
 ParOldGen       total 133632K, used 50147K [0x0000000740000000, 0x0000000748280000, 0x0000000795580000)
  object space 133632K, 37% used [0x0000000740000000,0x00000007430f8f58,0x0000000748280000)
 Metaspace       used 93952K, capacity 98539K, committed 98600K, reserved 1134592K
  class space    used 12410K, capacity 13299K, committed 13360K, reserved 1048576K
Event: 138.959 GC heap after
Heap after GC invocations=18 (full 4):
 PSYoungGen      total 300032K, used 0K [0x0000000795580000, 0x00000007a9980000, 0x00000007c0000000)
  eden space 272384K, 0% used [0x0000000795580000,0x0000000795580000,0x00000007a5f80000)
  from space 27648K, 0% used [0x00000007a7d00000,0x00000007a7d00000,0x00000007a9800000)
  to   space 29696K, 0% used [0x00000007a5f80000,0x00000007a5f80000,0x00000007a7c80000)
 ParOldGen       total 202752K, used 60800K [0x0000000740000000, 0x000000074c600000, 0x0000000795580000)
  object space 202752K, 29% used [0x0000000740000000,0x0000000743b60288,0x000000074c600000)
 Metaspace       used 93774K, capacity 98055K, committed 98600K, reserved 1134592K
  class space    used 12357K, capacity 13213K, committed 13360K, reserved 1048576K
}
Event: 254.756 GC heap before
{Heap before GC invocations=19 (full 4):
 PSYoungGen      total 300032K, used 272384K [0x0000000795580000, 0x00000007a9980000, 0x00000007c0000000)
  eden space 272384K, 100% used [0x0000000795580000,0x00000007a5f80000,0x00000007a5f80000)
  from space 27648K, 0% used [0x00000007a7d00000,0x00000007a7d00000,0x00000007a9800000)
  to   space 29696K, 0% used [0x00000007a5f80000,0x00000007a5f80000,0x00000007a7c80000)
 ParOldGen       total 202752K, used 60800K [0x0000000740000000, 0x000000074c600000, 0x0000000795580000)
  object space 202752K, 29% used [0x0000000740000000,0x0000000743b60288,0x000000074c600000)
 Metaspace       used 95385K, capacity 100491K, committed 100632K, reserved 1136640K
  class space    used 12499K, capacity 13560K, committed 13616K, reserved 1048576K
Event: 254.768 GC heap after
Heap after GC invocations=19 (full 4):
 PSYoungGen      total 302080K, used 6545K [0x0000000795580000, 0x00000007abd00000, 0x00000007c0000000)
  eden space 272384K, 0% used [0x0000000795580000,0x0000000795580000,0x00000007a5f80000)
  from space 29696K, 22% used [0x00000007a5f80000,0x00000007a65e46b0,0x00000007a7c80000)
  to   space 29184K, 0% used [0x00000007aa080000,0x00000007aa080000,0x00000007abd00000)
 ParOldGen       total 202752K, used 60808K [0x0000000740000000, 0x000000074c600000, 0x0000000795580000)
  object space 202752K, 29% used [0x0000000740000000,0x0000000743b62288,0x000000074c600000)
 Metaspace       used 95385K, capacity 100491K, committed 100632K, reserved 1136640K
  class space    used 12499K, capacity 13560K, committed 13616K, reserved 1048576K
}
Event: 360.265 GC heap before
{Heap before GC invocations=20 (full 4):
 PSYoungGen      total 302080K, used 278886K [0x0000000795580000, 0x00000007abd00000, 0x00000007c0000000)
  eden space 272384K, 99% used [0x0000000795580000,0x00000007a5f754d0,0x00000007a5f80000)
  from space 29696K, 22% used [0x00000007a5f80000,0x00000007a65e46b0,0x00000007a7c80000)
  to   space 29184K, 0% used [0x00000007aa080000,0x00000007aa080000,0x00000007abd00000)
 ParOldGen       total 202752K, used 60808K [0x0000000740000000, 0x000000074c600000, 0x0000000795580000)
  object space 202752K, 29% used [0x0000000740000000,0x0000000743b62288,0x000000074c600000)
 Metaspace       used 98068K, capacity 104025K, committed 104216K, reserved 1138688K
  class space    used 12803K, capacity 14012K, committed 14128K, reserved 1048576K
Event: 360.300 GC heap after
Heap after GC invocations=20 (full 4):
 PSYoungGen      total 327680K, used 21972K [0x0000000795580000, 0x00000007ab900000, 0x00000007c0000000)
  eden space 302592K, 0% used [0x0000000795580000,0x0000000795580000,0x00000007a7d00000)
  from space 25088K, 87% used [0x00000007aa080000,0x00000007ab5f52a8,0x00000007ab900000)
  to   space 30720K, 0% used [0x00000007a7d00000,0x00000007a7d00000,0x00000007a9b00000)
 ParOldGen       total 202752K, used 60816K [0x0000000740000000, 0x000000074c600000, 0x0000000795580000)
  object space 202752K, 29% used [0x0000000740000000,0x0000000743b64288,0x000000074c600000)
 Metaspace       used 98068K, capacity 104025K, committed 104216K, reserved 1138688K
  class space    used 12803K, capacity 14012K, committed 14128K, reserved 1048576K
}
Event: 832.292 GC heap before
{Heap before GC invocations=21 (full 4):
 PSYoungGen      total 327680K, used 324564K [0x0000000795580000, 0x00000007ab900000, 0x00000007c0000000)
  eden space 302592K, 100% used [0x0000000795580000,0x00000007a7d00000,0x00000007a7d00000)
  from space 25088K, 87% used [0x00000007aa080000,0x00000007ab5f52a8,0x00000007ab900000)
  to   space 30720K, 0% used [0x00000007a7d00000,0x00000007a7d00000,0x00000007a9b00000)
 ParOldGen       total 202752K, used 60816K [0x0000000740000000, 0x000000074c600000, 0x0000000795580000)
  object space 202752K, 29% used [0x0000000740000000,0x0000000743b64288,0x000000074c600000)
 Metaspace       used 102941K, capacity 109581K, committed 109720K, reserved 1144832K
  class space    used 13429K, capacity 14754K, committed 14768K, reserved 1048576K

