# JRE version: OpenJDK Runtime Environment (8.0_242) (build 1.8.0_242-release-1644-b3-6222593)
# Java VM: OpenJDK 64-Bit Server VM (25.242-b3-6222593 mixed mode bsd-amd64 compressed oops)
Heap:
 PSYoungGen      total 382976K, used 342071K [0x0000000795580000, 0x00000007af980000, 0x00000007c0000000)
  eden space 346112K, 89% used [0x0000000795580000,0x00000007a82a7b98,0x00000007aa780000)
  from space 36864K, 91% used [0x00000007ad300000,0x00000007af3e63a0,0x00000007af700000)
  to   space 41984K, 0% used [0x00000007aa780000,0x00000007aa780000,0x00000007ad080000)
 ParOldGen       total 122880K, used 63235K [0x0000000740000000, 0x0000000747800000, 0x0000000795580000)
  object space 122880K, 51% used [0x0000000740000000,0x0000000743dc0d90,0x0000000747800000)
 Metaspace       used 93058K, capacity 97280K, committed 97432K, reserved 1134592K
  class space    used 11796K, capacity 12645K, committed 12720K, reserved 1048576K
GC Heap History (10 events):
Event: 5129.159 GC heap before
{Heap before GC invocations=23 (full 3):
 PSYoungGen      total 293888K, used 293870K [0x0000000795580000, 0x00000007a9080000, 0x00000007c0000000)
  eden space 277504K, 100% used [0x0000000795580000,0x00000007a6480000,0x00000007a6480000)
  from space 16384K, 99% used [0x00000007a6480000,0x00000007a747bad8,0x00000007a7480000)
  to   space 21504K, 0% used [0x00000007a7b80000,0x00000007a7b80000,0x00000007a9080000)
 ParOldGen       total 122880K, used 36499K [0x0000000740000000, 0x0000000747800000, 0x0000000795580000)
  object space 122880K, 29% used [0x0000000740000000,0x00000007423a4e28,0x0000000747800000)
 Metaspace       used 74064K, capacity 76508K, committed 76696K, reserved 1116160K
  class space    used 9612K, capacity 10128K, committed 10160K, reserved 1048576K
Event: 5129.190 GC heap after
Heap after GC invocations=23 (full 3):
 PSYoungGen      total 296960K, used 21474K [0x0000000795580000, 0x00000007aad00000, 0x00000007c0000000)
  eden space 275456K, 0% used [0x0000000795580000,0x0000000795580000,0x00000007a6280000)
  from space 21504K, 99% used [0x00000007a7b80000,0x00000007a9078bc0,0x00000007a9080000)
  to   space 25600K, 0% used [0x00000007a6280000,0x00000007a6280000,0x00000007a7b80000)
 ParOldGen       total 122880K, used 37886K [0x0000000740000000, 0x0000000747800000, 0x0000000795580000)
  object space 122880K, 30% used [0x0000000740000000,0x00000007424ffae0,0x0000000747800000)
 Metaspace       used 74064K, capacity 76508K, committed 76696K, reserved 1116160K
  class space    used 9612K, capacity 10128K, committed 10160K, reserved 1048576K
}
Event: 5139.228 GC heap before
{Heap before GC invocations=24 (full 3):
 PSYoungGen      total 296960K, used 296930K [0x0000000795580000, 0x00000007aad00000, 0x00000007c0000000)
  eden space 275456K, 100% used [0x0000000795580000,0x00000007a6280000,0x00000007a6280000)
  from space 21504K, 99% used [0x00000007a7b80000,0x00000007a9078bc0,0x00000007a9080000)
  to   space 25600K, 0% used [0x00000007a6280000,0x00000007a6280000,0x00000007a7b80000)
 ParOldGen       total 122880K, used 37886K [0x0000000740000000, 0x0000000747800000, 0x0000000795580000)
  object space 122880K, 30% used [0x0000000740000000,0x00000007424ffae0,0x0000000747800000)
 Metaspace       used 76067K, capacity 78840K, committed 79128K, reserved 1118208K
  class space    used 9859K, capacity 10416K, committed 10544K, reserved 1048576K
Event: 5139.257 GC heap after
Heap after GC invocations=24 (full 3):
 PSYoungGen      total 301056K, used 25574K [0x0000000795580000, 0x00000007ab580000, 0x00000007c0000000)
  eden space 275456K, 0% used [0x0000000795580000,0x0000000795580000,0x00000007a6280000)
  from space 25600K, 99% used [0x00000007a6280000,0x00000007a7b79a10,0x00000007a7b80000)
  to   space 30720K, 0% used [0x00000007a9780000,0x00000007a9780000,0x00000007ab580000)
 ParOldGen       total 122880K, used 40530K [0x0000000740000000, 0x0000000747800000, 0x0000000795580000)
  object space 122880K, 32% used [0x0000000740000000,0x0000000742794bd8,0x0000000747800000)
 Metaspace       used 76067K, capacity 78840K, committed 79128K, reserved 1118208K
  class space    used 9859K, capacity 10416K, committed 10544K, reserved 1048576K
}
Event: 5141.544 GC heap before
{Heap before GC invocations=25 (full 3):
 PSYoungGen      total 301056K, used 301030K [0x0000000795580000, 0x00000007ab580000, 0x00000007c0000000)
  eden space 275456K, 100% used [0x0000000795580000,0x00000007a6280000,0x00000007a6280000)
  from space 25600K, 99% used [0x00000007a6280000,0x00000007a7b79a10,0x00000007a7b80000)
  to   space 30720K, 0% used [0x00000007a9780000,0x00000007a9780000,0x00000007ab580000)
 ParOldGen       total 122880K, used 40530K [0x0000000740000000, 0x0000000747800000, 0x0000000795580000)
  object space 122880K, 32% used [0x0000000740000000,0x0000000742794bd8,0x0000000747800000)
 Metaspace       used 82058K, capacity 85006K, committed 85272K, reserved 1124352K
  class space    used 10658K, capacity 11251K, committed 11312K, reserved 1048576K
Event: 5141.603 GC heap after
Heap after GC invocations=25 (full 3):
 PSYoungGen      total 324096K, used 30707K [0x0000000795580000, 0x00000007adb80000, 0x00000007c0000000)
  eden space 293376K, 0% used [0x0000000795580000,0x0000000795580000,0x00000007a7400000)
  from space 30720K, 99% used [0x00000007a9780000,0x00000007ab57cff0,0x00000007ab580000)
  to   space 36352K, 0% used [0x00000007a7400000,0x00000007a7400000,0x00000007a9780000)
 ParOldGen       total 122880K, used 41682K [0x0000000740000000, 0x0000000747800000, 0x0000000795580000)
  object space 122880K, 33% used [0x0000000740000000,0x00000007428b4bb0,0x0000000747800000)
 Metaspace       used 82058K, capacity 85006K, committed 85272K, reserved 1124352K
  class space    used 10658K, capacity 11251K, committed 11312K, reserved 1048576K
}
Event: 5145.083 GC heap before
{Heap before GC invocations=26 (full 3):
 PSYoungGen      total 324096K, used 324083K [0x0000000795580000, 0x00000007adb80000, 0x00000007c0000000)
  eden space 293376K, 100% used [0x0000000795580000,0x00000007a7400000,0x00000007a7400000)
  from space 30720K, 99% used [0x00000007a9780000,0x00000007ab57cff0,0x00000007ab580000)
  to   space 36352K, 0% used [0x00000007a7400000,0x00000007a7400000,0x00000007a9780000)
 ParOldGen       total 122880K, used 41682K [0x0000000740000000, 0x0000000747800000, 0x0000000795580000)
  object space 122880K, 33% used [0x0000000740000000,0x00000007428b4bb0,0x0000000747800000)
 Metaspace       used 85460K, capacity 88746K, committed 89112K, reserved 1126400K
  class space    used 11067K, capacity 11687K, committed 11824K, reserved 1048576K
Event: 5145.139 GC heap after
Heap after GC invocations=26 (full 3):
 PSYoungGen      total 329728K, used 20629K [0x0000000795580000, 0x00000007af700000, 0x00000007c0000000)
  eden space 293376K, 0% used [0x0000000795580000,0x0000000795580000,0x00000007a7400000)
  from space 36352K, 56% used [0x00000007a7400000,0x00000007a8825558,0x00000007a9780000)
  to   space 36864K, 0% used [0x00000007ad300000,0x00000007ad300000,0x00000007af700000)
 ParOldGen       total 122880K, used 59736K [0x0000000740000000, 0x0000000747800000, 0x0000000795580000)
  object space 122880K, 48% used [0x0000000740000000,0x0000000743a563b0,0x0000000747800000)
 Metaspace       used 85460K, capacity 88746K, committed 89112K, reserved 1126400K
  class space    used 11067K, capacity 11687K, committed 11824K, reserved 1048576K
}
Event: 5253.901 GC heap before
{Heap before GC invocations=27 (full 3):
 PSYoungGen      total 329728K, used 314005K [0x0000000795580000, 0x00000007af700000, 0x00000007c0000000)
  eden space 293376K, 100% used [0x0000000795580000,0x00000007a7400000,0x00000007a7400000)
  from space 36352K, 56% used [0x00000007a7400000,0x00000007a8825558,0x00000007a9780000)
  to   space 36864K, 0% used [0x00000007ad300000,0x00000007ad300000,0x00000007af700000)
 ParOldGen       total 122880K, used 59736K [0x0000000740000000, 0x0000000747800000, 0x0000000795580000)
  object space 122880K, 48% used [0x0000000740000000,0x0000000743a563b0,0x0000000747800000)
 Metaspace       used 87428K, capacity 90738K, committed 90904K, reserved 1128448K
  class space    used 11326K, capacity 11978K, committed 12080K, reserved 1048576K
Event: 5253.959 GC heap after
Heap after GC invocations=27 (full 3):
 PSYoungGen      total 382976K, used 33688K [0x0000000795580000, 0x00000007af980000, 0x00000007c0000000)
  eden space 346112K, 0% used [0x0000000795580000,0x0000000795580000,0x00000007aa780000)
  from space 36864K, 91% used [0x00000007ad300000,0x00000007af3e63a0,0x00000007af700000)
  to   space 41984K, 0% used [0x00000007aa780000,0x00000007aa780000,0x00000007ad080000)
 ParOldGen       total 122880K, used 63235K [0x0000000740000000, 0x0000000747800000, 0x0000000795580000)
  object space 122880K, 51% used [0x0000000740000000,0x0000000743dc0d90,0x0000000747800000)
 Metaspace       used 87428K, capacity 90738K, committed 90904K, reserved 1128448K
  class space    used 11326K, capacity 11978K, committed 12080K, reserved 1048576K
}

