# JRE version: OpenJDK Runtime Environment (8.0_242) (build 1.8.0_242-release-1644-b3-6222593)
# Java VM: OpenJDK 64-Bit Server VM (25.242-b3-6222593 mixed mode bsd-amd64 compressed oops)
Heap:
 PSYoungGen      total 345600K, used 218933K [0x0000000795580000, 0x00000007b0700000, 0x00000007c0000000)
  eden space 310784K, 59% used [0x0000000795580000,0x00000007a0951090,0x00000007a8500000)
  from space 34816K, 99% used [0x00000007a8500000,0x00000007aa6fc5f0,0x00000007aa700000)
  to   space 44544K, 0% used [0x00000007adb80000,0x00000007adb80000,0x00000007b0700000)
 ParOldGen       total 158208K, used 54169K [0x0000000740000000, 0x0000000749a80000, 0x0000000795580000)
  object space 158208K, 34% used [0x0000000740000000,0x00000007434e66a8,0x0000000749a80000)
 Metaspace       used 93355K, capacity 98144K, committed 98328K, reserved 1134592K
  class space    used 12269K, capacity 13237K, committed 13360K, reserved 1048576K
GC Heap History (10 events):
Event: 11.897 GC heap before
{Heap before GC invocations=10 (full 2):
 PSYoungGen      total 216576K, used 90509K [0x0000000795580000, 0x00000007a8c00000, 0x00000007c0000000)
  eden space 201216K, 37% used [0x0000000795580000,0x0000000799eea650,0x00000007a1a00000)
  from space 15360K, 99% used [0x00000007a1a00000,0x00000007a28f8e80,0x00000007a2900000)
  to   space 22016K, 0% used [0x00000007a7680000,0x00000007a7680000,0x00000007a8c00000)
 ParOldGen       total 107520K, used 24507K [0x0000000740000000, 0x0000000746900000, 0x0000000795580000)
  object space 107520K, 22% used [0x0000000740000000,0x00000007417eee00,0x0000000746900000)
 Metaspace       used 56966K, capacity 59096K, committed 59160K, reserved 1099776K
  class space    used 7753K, capacity 8234K, committed 8240K, reserved 1048576K
Event: 11.941 GC heap after
Heap after GC invocations=10 (full 2):
 PSYoungGen      total 293376K, used 20417K [0x0000000795580000, 0x00000007a9a00000, 0x00000007c0000000)
  eden space 271360K, 0% used [0x0000000795580000,0x0000000795580000,0x00000007a5e80000)
  from space 22016K, 92% used [0x00000007a7680000,0x00000007a8a70518,0x00000007a8c00000)
  to   space 24576K, 0% used [0x00000007a5e80000,0x00000007a5e80000,0x00000007a7680000)
 ParOldGen       total 107520K, used 24515K [0x0000000740000000, 0x0000000746900000, 0x0000000795580000)
  object space 107520K, 22% used [0x0000000740000000,0x00000007417f0e00,0x0000000746900000)
 Metaspace       used 56966K, capacity 59096K, committed 59160K, reserved 1099776K
  class space    used 7753K, capacity 8234K, committed 8240K, reserved 1048576K
}
Event: 11.941 GC heap before
{Heap before GC invocations=11 (full 3):
 PSYoungGen      total 293376K, used 20417K [0x0000000795580000, 0x00000007a9a00000, 0x00000007c0000000)
  eden space 271360K, 0% used [0x0000000795580000,0x0000000795580000,0x00000007a5e80000)
  from space 22016K, 92% used [0x00000007a7680000,0x00000007a8a70518,0x00000007a8c00000)
  to   space 24576K, 0% used [0x00000007a5e80000,0x00000007a5e80000,0x00000007a7680000)
 ParOldGen       total 107520K, used 24515K [0x0000000740000000, 0x0000000746900000, 0x0000000795580000)
  object space 107520K, 22% used [0x0000000740000000,0x00000007417f0e00,0x0000000746900000)
 Metaspace       used 56966K, capacity 59096K, committed 59160K, reserved 1099776K
  class space    used 7753K, capacity 8234K, committed 8240K, reserved 1048576K
Event: 12.242 GC heap after
Heap after GC invocations=11 (full 3):
 PSYoungGen      total 293376K, used 0K [0x0000000795580000, 0x00000007a9a00000, 0x00000007c0000000)
  eden space 271360K, 0% used [0x0000000795580000,0x0000000795580000,0x00000007a5e80000)
  from space 22016K, 0% used [0x00000007a7680000,0x00000007a7680000,0x00000007a8c00000)
  to   space 24576K, 0% used [0x00000007a5e80000,0x00000007a5e80000,0x00000007a7680000)
 ParOldGen       total 158208K, used 33504K [0x0000000740000000, 0x0000000749a80000, 0x0000000795580000)
  object space 158208K, 21% used [0x0000000740000000,0x00000007420b83b8,0x0000000749a80000)
 Metaspace       used 56937K, capacity 59000K, committed 59160K, reserved 1099776K
  class space    used 7745K, capacity 8218K, committed 8240K, reserved 1048576K
}
Event: 76.651 GC heap before
{Heap before GC invocations=12 (full 3):
 PSYoungGen      total 293376K, used 271360K [0x0000000795580000, 0x00000007a9a00000, 0x00000007c0000000)
  eden space 271360K, 100% used [0x0000000795580000,0x00000007a5e80000,0x00000007a5e80000)
  from space 22016K, 0% used [0x00000007a7680000,0x00000007a7680000,0x00000007a8c00000)
  to   space 24576K, 0% used [0x00000007a5e80000,0x00000007a5e80000,0x00000007a7680000)
 ParOldGen       total 158208K, used 33504K [0x0000000740000000, 0x0000000749a80000, 0x0000000795580000)
  object space 158208K, 21% used [0x0000000740000000,0x00000007420b83b8,0x0000000749a80000)
 Metaspace       used 71383K, capacity 74230K, committed 74392K, reserved 1114112K
  class space    used 9484K, capacity 10049K, committed 10160K, reserved 1048576K
Event: 76.698 GC heap after
Heap after GC invocations=12 (full 3):
 PSYoungGen      total 295936K, used 23013K [0x0000000795580000, 0x00000007ac200000, 0x00000007c0000000)
  eden space 271360K, 0% used [0x0000000795580000,0x0000000795580000,0x00000007a5e80000)
  from space 24576K, 93% used [0x00000007a5e80000,0x00000007a74f9498,0x00000007a7680000)
  to   space 27648K, 0% used [0x00000007aa700000,0x00000007aa700000,0x00000007ac200000)
 ParOldGen       total 158208K, used 33512K [0x0000000740000000, 0x0000000749a80000, 0x0000000795580000)
  object space 158208K, 21% used [0x0000000740000000,0x00000007420ba3b8,0x0000000749a80000)
 Metaspace       used 71383K, capacity 74230K, committed 74392K, reserved 1114112K
  class space    used 9484K, capacity 10049K, committed 10160K, reserved 1048576K
}
Event: 82.212 GC heap before
{Heap before GC invocations=13 (full 3):
 PSYoungGen      total 295936K, used 294373K [0x0000000795580000, 0x00000007ac200000, 0x00000007c0000000)
  eden space 271360K, 100% used [0x0000000795580000,0x00000007a5e80000,0x00000007a5e80000)
  from space 24576K, 93% used [0x00000007a5e80000,0x00000007a74f9498,0x00000007a7680000)
  to   space 27648K, 0% used [0x00000007aa700000,0x00000007aa700000,0x00000007ac200000)
 ParOldGen       total 158208K, used 33512K [0x0000000740000000, 0x0000000749a80000, 0x0000000795580000)
  object space 158208K, 21% used [0x0000000740000000,0x00000007420ba3b8,0x0000000749a80000)
 Metaspace       used 82276K, capacity 86042K, committed 86168K, reserved 1124352K
  class space    used 10947K, capacity 11676K, committed 11696K, reserved 1048576K
Event: 82.294 GC heap after
Heap after GC invocations=13 (full 3):
 PSYoungGen      total 338432K, used 27633K [0x0000000795580000, 0x00000007ad080000, 0x00000007c0000000)
  eden space 310784K, 0% used [0x0000000795580000,0x0000000795580000,0x00000007a8500000)
  from space 27648K, 99% used [0x00000007aa700000,0x00000007ac1fc7b0,0x00000007ac200000)
  to   space 34816K, 0% used [0x00000007a8500000,0x00000007a8500000,0x00000007aa700000)
 ParOldGen       total 158208K, used 41788K [0x0000000740000000, 0x0000000749a80000, 0x0000000795580000)
  object space 158208K, 26% used [0x0000000740000000,0x00000007428cf218,0x0000000749a80000)
 Metaspace       used 82276K, capacity 86042K, committed 86168K, reserved 1124352K
  class space    used 10947K, capacity 11676K, committed 11696K, reserved 1048576K
}
Event: 518.438 GC heap before
{Heap before GC invocations=14 (full 3):
 PSYoungGen      total 338432K, used 338417K [0x0000000795580000, 0x00000007ad080000, 0x00000007c0000000)
  eden space 310784K, 100% used [0x0000000795580000,0x00000007a8500000,0x00000007a8500000)
  from space 27648K, 99% used [0x00000007aa700000,0x00000007ac1fc7b0,0x00000007ac200000)
  to   space 34816K, 0% used [0x00000007a8500000,0x00000007a8500000,0x00000007aa700000)
 ParOldGen       total 158208K, used 41788K [0x0000000740000000, 0x0000000749a80000, 0x0000000795580000)
  object space 158208K, 26% used [0x0000000740000000,0x00000007428cf218,0x0000000749a80000)
 Metaspace       used 90927K, capacity 95524K, committed 95640K, reserved 1132544K
  class space    used 12004K, capacity 12945K, committed 12976K, reserved 1048576K
Event: 518.526 GC heap after
Heap after GC invocations=14 (full 3):
 PSYoungGen      total 345600K, used 34801K [0x0000000795580000, 0x00000007b0700000, 0x00000007c0000000)
  eden space 310784K, 0% used [0x0000000795580000,0x0000000795580000,0x00000007a8500000)
  from space 34816K, 99% used [0x00000007a8500000,0x00000007aa6fc5f0,0x00000007aa700000)
  to   space 44544K, 0% used [0x00000007adb80000,0x00000007adb80000,0x00000007b0700000)
 ParOldGen       total 158208K, used 54169K [0x0000000740000000, 0x0000000749a80000, 0x0000000795580000)
  object space 158208K, 34% used [0x0000000740000000,0x00000007434e66a8,0x0000000749a80000)
 Metaspace       used 90927K, capacity 95524K, committed 95640K, reserved 1132544K
  class space    used 12004K, capacity 12945K, committed 12976K, reserved 1048576K
}

