# JRE version: OpenJDK Runtime Environment (8.0_242) (build 1.8.0_242-release-1644-b3-6222593)
# Java VM: OpenJDK 64-Bit Server VM (25.242-b3-6222593 mixed mode bsd-amd64 compressed oops)
Heap:
 PSYoungGen      total 382464K, used 161586K [0x0000000795580000, 0x00000007b4780000, 0x00000007c0000000)
  eden space 314880K, 41% used [0x0000000795580000,0x000000079d46e810,0x00000007a8900000)
  from space 67584K, 46% used [0x00000007a8900000,0x00000007aa7de3e8,0x00000007acb00000)
  to   space 64512K, 0% used [0x00000007b0880000,0x00000007b0880000,0x00000007b4780000)
 ParOldGen       total 245760K, used 89266K [0x0000000740000000, 0x000000074f000000, 0x0000000795580000)
  object space 245760K, 36% used [0x0000000740000000,0x000000074572c878,0x000000074f000000)
 Metaspace       used 96445K, capacity 100789K, committed 101144K, reserved 1136640K
  class space    used 12650K, capacity 13501K, committed 13616K, reserved 1048576K
GC Heap History (10 events):
Event: 139.230 GC heap before
{Heap before GC invocations=21 (full 3):
 PSYoungGen      total 286208K, used 282296K [0x0000000795580000, 0x00000007ac400000, 0x00000007c0000000)
  eden space 238592K, 100% used [0x0000000795580000,0x00000007a3e80000,0x00000007a3e80000)
  from space 47616K, 91% used [0x00000007a3e80000,0x00000007a692e1d0,0x00000007a6d00000)
  to   space 53760K, 0% used [0x00000007a8f80000,0x00000007a8f80000,0x00000007ac400000)
 ParOldGen       total 158208K, used 52102K [0x0000000740000000, 0x0000000749a80000, 0x0000000795580000)
  object space 158208K, 32% used [0x0000000740000000,0x00000007432e1ab8,0x0000000749a80000)
 Metaspace       used 91023K, capacity 94855K, committed 95128K, reserved 1132544K
  class space    used 11861K, capacity 12616K, committed 12720K, reserved 1048576K
Event: 139.471 GC heap after
Heap after GC invocations=21 (full 3):
 PSYoungGen      total 310272K, used 53747K [0x0000000795580000, 0x00000007ae600000, 0x00000007c0000000)
  eden space 256512K, 0% used [0x0000000795580000,0x0000000795580000,0x00000007a5000000)
  from space 53760K, 99% used [0x00000007a8f80000,0x00000007ac3fce40,0x00000007ac400000)
  to   space 65024K, 0% used [0x00000007a5000000,0x00000007a5000000,0x00000007a8f80000)
 ParOldGen       total 158208K, used 60312K [0x0000000740000000, 0x0000000749a80000, 0x0000000795580000)
  object space 158208K, 38% used [0x0000000740000000,0x0000000743ae60e8,0x0000000749a80000)
 Metaspace       used 91023K, capacity 94855K, committed 95128K, reserved 1132544K
  class space    used 11861K, capacity 12616K, committed 12720K, reserved 1048576K
}
Event: 140.657 GC heap before
{Heap before GC invocations=22 (full 3):
 PSYoungGen      total 310272K, used 133842K [0x0000000795580000, 0x00000007ae600000, 0x00000007c0000000)
  eden space 256512K, 31% used [0x0000000795580000,0x000000079a3b7d28,0x00000007a5000000)
  from space 53760K, 99% used [0x00000007a8f80000,0x00000007ac3fce40,0x00000007ac400000)
  to   space 65024K, 0% used [0x00000007a5000000,0x00000007a5000000,0x00000007a8f80000)
 ParOldGen       total 158208K, used 60312K [0x0000000740000000, 0x0000000749a80000, 0x0000000795580000)
  object space 158208K, 38% used [0x0000000740000000,0x0000000743ae60e8,0x0000000749a80000)
 Metaspace       used 94366K, capacity 98543K, committed 98584K, reserved 1134592K
  class space    used 12451K, capacity 13320K, committed 13360K, reserved 1048576K
Event: 140.795 GC heap after
Heap after GC invocations=22 (full 3):
 PSYoungGen      total 321536K, used 52690K [0x0000000795580000, 0x00000007b1100000, 0x00000007c0000000)
  eden space 256512K, 0% used [0x0000000795580000,0x0000000795580000,0x00000007a5000000)
  from space 65024K, 81% used [0x00000007a5000000,0x00000007a8374868,0x00000007a8f80000)
  to   space 70656K, 0% used [0x00000007acc00000,0x00000007acc00000,0x00000007b1100000)
 ParOldGen       total 158208K, used 75626K [0x0000000740000000, 0x0000000749a80000, 0x0000000795580000)
  object space 158208K, 47% used [0x0000000740000000,0x00000007449dabf0,0x0000000749a80000)
 Metaspace       used 94366K, capacity 98543K, committed 98584K, reserved 1134592K
  class space    used 12451K, capacity 13320K, committed 13360K, reserved 1048576K
}
Event: 140.796 GC heap before
{Heap before GC invocations=23 (full 4):
 PSYoungGen      total 321536K, used 52690K [0x0000000795580000, 0x00000007b1100000, 0x00000007c0000000)
  eden space 256512K, 0% used [0x0000000795580000,0x0000000795580000,0x00000007a5000000)
  from space 65024K, 81% used [0x00000007a5000000,0x00000007a8374868,0x00000007a8f80000)
  to   space 70656K, 0% used [0x00000007acc00000,0x00000007acc00000,0x00000007b1100000)
 ParOldGen       total 158208K, used 75626K [0x0000000740000000, 0x0000000749a80000, 0x0000000795580000)
  object space 158208K, 47% used [0x0000000740000000,0x00000007449dabf0,0x0000000749a80000)
 Metaspace       used 94366K, capacity 98543K, committed 98584K, reserved 1134592K
  class space    used 12451K, capacity 13320K, committed 13360K, reserved 1048576K
Event: 141.488 GC heap after
Heap after GC invocations=23 (full 4):
 PSYoungGen      total 321536K, used 0K [0x0000000795580000, 0x00000007b1100000, 0x00000007c0000000)
  eden space 256512K, 0% used [0x0000000795580000,0x0000000795580000,0x00000007a5000000)
  from space 65024K, 0% used [0x00000007a5000000,0x00000007a5000000,0x00000007a8f80000)
  to   space 70656K, 0% used [0x00000007acc00000,0x00000007acc00000,0x00000007b1100000)
 ParOldGen       total 245760K, used 89258K [0x0000000740000000, 0x000000074f000000, 0x0000000795580000)
  object space 245760K, 36% used [0x0000000740000000,0x000000074572a878,0x000000074f000000)
 Metaspace       used 94152K, capacity 98031K, committed 98584K, reserved 1134592K
  class space    used 12376K, capacity 13184K, committed 13360K, reserved 1048576K
}
Event: 144.293 GC heap before
{Heap before GC invocations=24 (full 4):
 PSYoungGen      total 321536K, used 256512K [0x0000000795580000, 0x00000007b1100000, 0x00000007c0000000)
  eden space 256512K, 100% used [0x0000000795580000,0x00000007a5000000,0x00000007a5000000)
  from space 65024K, 0% used [0x00000007a5000000,0x00000007a5000000,0x00000007a8f80000)
  to   space 70656K, 0% used [0x00000007acc00000,0x00000007acc00000,0x00000007b1100000)
 ParOldGen       total 245760K, used 89258K [0x0000000740000000, 0x000000074f000000, 0x0000000795580000)
  object space 245760K, 36% used [0x0000000740000000,0x000000074572a878,0x000000074f000000)
 Metaspace       used 95691K, capacity 99967K, committed 100248K, reserved 1136640K
  class space    used 12603K, capacity 13452K, committed 13488K, reserved 1048576K
Event: 144.365 GC heap after
Heap after GC invocations=24 (full 4):
 PSYoungGen      total 381440K, used 24856K [0x0000000795580000, 0x00000007b0d00000, 0x00000007c0000000)
  eden space 314880K, 0% used [0x0000000795580000,0x0000000795580000,0x00000007a8900000)
  from space 66560K, 37% used [0x00000007acc00000,0x00000007ae446048,0x00000007b0d00000)
  to   space 67584K, 0% used [0x00000007a8900000,0x00000007a8900000,0x00000007acb00000)
 ParOldGen       total 245760K, used 89266K [0x0000000740000000, 0x000000074f000000, 0x0000000795580000)
  object space 245760K, 36% used [0x0000000740000000,0x000000074572c878,0x000000074f000000)
 Metaspace       used 95691K, capacity 99967K, committed 100248K, reserved 1136640K
  class space    used 12603K, capacity 13452K, committed 13488K, reserved 1048576K
}
Event: 148.608 GC heap before
{Heap before GC invocations=25 (full 4):
 PSYoungGen      total 381440K, used 339731K [0x0000000795580000, 0x00000007b0d00000, 0x00000007c0000000)
  eden space 314880K, 99% used [0x0000000795580000,0x00000007a88fed78,0x00000007a8900000)
  from space 66560K, 37% used [0x00000007acc00000,0x00000007ae446048,0x00000007b0d00000)
  to   space 67584K, 0% used [0x00000007a8900000,0x00000007a8900000,0x00000007acb00000)
 ParOldGen       total 245760K, used 89266K [0x0000000740000000, 0x000000074f000000, 0x0000000795580000)
  object space 245760K, 36% used [0x0000000740000000,0x000000074572c878,0x000000074f000000)
 Metaspace       used 96241K, capacity 100543K, committed 100760K, reserved 1136640K
  class space    used 12639K, capacity 13466K, committed 13488K, reserved 1048576K
Event: 148.676 GC heap after
Heap after GC invocations=25 (full 4):
 PSYoungGen      total 382464K, used 31608K [0x0000000795580000, 0x00000007b4780000, 0x00000007c0000000)
  eden space 314880K, 0% used [0x0000000795580000,0x0000000795580000,0x00000007a8900000)
  from space 67584K, 46% used [0x00000007a8900000,0x00000007aa7de3e8,0x00000007acb00000)
  to   space 64512K, 0% used [0x00000007b0880000,0x00000007b0880000,0x00000007b4780000)
 ParOldGen       total 245760K, used 89266K [0x0000000740000000, 0x000000074f000000, 0x0000000795580000)
  object space 245760K, 36% used [0x0000000740000000,0x000000074572c878,0x000000074f000000)
 Metaspace       used 96241K, capacity 100543K, committed 100760K, reserved 1136640K
  class space    used 12639K, capacity 13466K, committed 13488K, reserved 1048576K
}

